c:\users\e20un\source\repos\octoheart game engine\octoheart game engine\x64\debug\vc142.pdb
c:\users\e20un\source\repos\octoheart game engine\octoheart game engine\x64\debug\vc142.idb
c:\users\e20un\source\repos\octoheart game engine\octoheart game engine\x64\debug\time.obj
c:\users\e20un\source\repos\octoheart game engine\octoheart game engine\x64\debug\main.obj
c:\users\e20un\source\repos\octoheart game engine\octoheart game engine\x64\debug\object.obj
c:\users\e20un\source\repos\octoheart game engine\octoheart game engine\x64\debug\eventshandler.obj
c:\users\e20un\source\repos\octoheart game engine\octoheart game engine\x64\debug\api.obj
c:\users\e20un\source\repos\octoheart game engine\x64\debug\octoheart game engine.ilk
c:\users\e20un\source\repos\octoheart game engine\x64\debug\octoheart game engine.exe
c:\users\e20un\source\repos\octoheart game engine\x64\debug\octoheart game engine.pdb
c:\users\e20un\source\repos\octoheart game engine\octoheart game engine\x64\debug\octoheart game engine1.res
c:\users\e20un\source\repos\octoheart game engine\octoheart game engine\x64\debug\octohear.724cfb3b.tlog\cl.command.1.tlog
c:\users\e20un\source\repos\octoheart game engine\octoheart game engine\x64\debug\octohear.724cfb3b.tlog\cl.read.1.tlog
c:\users\e20un\source\repos\octoheart game engine\octoheart game engine\x64\debug\octohear.724cfb3b.tlog\cl.write.1.tlog
c:\users\e20un\source\repos\octoheart game engine\octoheart game engine\x64\debug\octohear.724cfb3b.tlog\link.command.1.tlog
c:\users\e20un\source\repos\octoheart game engine\octoheart game engine\x64\debug\octohear.724cfb3b.tlog\link.read.1.tlog
c:\users\e20un\source\repos\octoheart game engine\octoheart game engine\x64\debug\octohear.724cfb3b.tlog\link.write.1.tlog
c:\users\e20un\source\repos\octoheart game engine\octoheart game engine\x64\debug\octohear.724cfb3b.tlog\rc.command.1.tlog
c:\users\e20un\source\repos\octoheart game engine\octoheart game engine\x64\debug\octohear.724cfb3b.tlog\rc.read.1.tlog
c:\users\e20un\source\repos\octoheart game engine\octoheart game engine\x64\debug\octohear.724cfb3b.tlog\rc.write.1.tlog
