c:\users\e20un\source\repos\octoheart game engine\octoheart game engine\debug\vc142.pdb
c:\users\e20un\source\repos\octoheart game engine\octoheart game engine\debug\vc142.idb
c:\users\e20un\source\repos\octoheart game engine\octoheart game engine\debug\main.obj
c:\users\e20un\source\repos\octoheart game engine\debug\octoheart game engine.pdb
c:\users\e20un\source\repos\octoheart game engine\octoheart game engine\debug\octohear.724cfb3b.tlog\cl.command.1.tlog
c:\users\e20un\source\repos\octoheart game engine\octoheart game engine\debug\octohear.724cfb3b.tlog\cl.read.1.tlog
c:\users\e20un\source\repos\octoheart game engine\octoheart game engine\debug\octohear.724cfb3b.tlog\cl.write.1.tlog
c:\users\e20un\source\repos\octoheart game engine\octoheart game engine\debug\octohear.724cfb3b.tlog\link-cvtres.read.1.tlog
c:\users\e20un\source\repos\octoheart game engine\octoheart game engine\debug\octohear.724cfb3b.tlog\link-cvtres.write.1.tlog
c:\users\e20un\source\repos\octoheart game engine\octoheart game engine\debug\octohear.724cfb3b.tlog\link-rc.read.1.tlog
c:\users\e20un\source\repos\octoheart game engine\octoheart game engine\debug\octohear.724cfb3b.tlog\link-rc.write.1.tlog
c:\users\e20un\source\repos\octoheart game engine\octoheart game engine\debug\octohear.724cfb3b.tlog\link.15888-cvtres.read.1.tlog
c:\users\e20un\source\repos\octoheart game engine\octoheart game engine\debug\octohear.724cfb3b.tlog\link.15888-cvtres.write.1.tlog
c:\users\e20un\source\repos\octoheart game engine\octoheart game engine\debug\octohear.724cfb3b.tlog\link.15888-rc.read.1.tlog
c:\users\e20un\source\repos\octoheart game engine\octoheart game engine\debug\octohear.724cfb3b.tlog\link.15888-rc.write.1.tlog
c:\users\e20un\source\repos\octoheart game engine\octoheart game engine\debug\octohear.724cfb3b.tlog\link.15888.read.1.tlog
c:\users\e20un\source\repos\octoheart game engine\octoheart game engine\debug\octohear.724cfb3b.tlog\link.15888.write.1.tlog
c:\users\e20un\source\repos\octoheart game engine\octoheart game engine\debug\octohear.724cfb3b.tlog\link.command.1.tlog
c:\users\e20un\source\repos\octoheart game engine\octoheart game engine\debug\octohear.724cfb3b.tlog\link.read.1.tlog
c:\users\e20un\source\repos\octoheart game engine\octoheart game engine\debug\octohear.724cfb3b.tlog\link.write.1.tlog
